# JRE version: OpenJDK Runtime Environment (21.0.6) (build 21.0.6+-13391695-b895.109)
# Java VM: OpenJDK 64-Bit Server VM (21.0.6+-13391695-b895.109, mixed mode, tiered, compressed oops, compressed class ptrs, g1 gc, windows-amd64)
GC Precious Log:
 CardTable entry size: 512
 Card Set container configuration: InlinePtr #cards 5 size 8 Array Of Cards #cards 12 size 40 Howl #buckets 4 coarsen threshold 1843 Howl Bitmap #cards 512 size 80 coarsen threshold 460 Card regions per heap region 1 cards per card region 2048
 CPUs: 12 total, 12 available
 Memory: 7916M
 Large Page Support: Disabled
 NUMA Support: Disabled
 Compressed Oops: Enabled (32-bit)
 Heap Region Size: 1M
 Heap Min Capacity: 8M
 Heap Initial Capacity: 124M
 Heap Max Capacity: 2G
 Pre-touch: Disabled
 Parallel Workers: 10
 Concurrent Workers: 3
 Concurrent Refinement Workers: 10
 Periodic GC: Disabled
Heap:
 garbage-first heap   total 437248K, used 401587K [0x0000000080000000, 0x0000000100000000)
  region size 1024K, 152 young (155648K), 9 survivors (9216K)
 Metaspace       used 211210K, committed 214016K, reserved 1245184K
  class space    used 26758K, committed 28160K, reserved 1048576K
GC Heap History (20 events):
Event: 76.054 GC heap before
{Heap before GC invocations=70 (full 0):
 garbage-first heap   total 437248K, used 374076K [0x0000000080000000, 0x0000000100000000)
  region size 1024K, 118 young (120832K), 8 survivors (8192K)
 Metaspace       used 193437K, committed 196224K, reserved 1245184K
  class space    used 24450K, committed 25792K, reserved 1048576K
}
Event: 76.061 GC heap after
{Heap after GC invocations=71 (full 0):
 garbage-first heap   total 437248K, used 261063K [0x0000000080000000, 0x0000000100000000)
  region size 1024K, 8 young (8192K), 8 survivors (8192K)
 Metaspace       used 193437K, committed 196224K, reserved 1245184K
  class space    used 24450K, committed 25792K, reserved 1048576K
}
Event: 93.543 GC heap before
{Heap before GC invocations=71 (full 0):
 garbage-first heap   total 437248K, used 405447K [0x0000000080000000, 0x0000000100000000)
  region size 1024K, 149 young (152576K), 8 survivors (8192K)
 Metaspace       used 193512K, committed 196288K, reserved 1245184K
  class space    used 24459K, committed 25792K, reserved 1048576K
}
Event: 93.558 GC heap after
{Heap after GC invocations=72 (full 0):
 garbage-first heap   total 437248K, used 249438K [0x0000000080000000, 0x0000000100000000)
  region size 1024K, 8 young (8192K), 8 survivors (8192K)
 Metaspace       used 193512K, committed 196288K, reserved 1245184K
  class space    used 24459K, committed 25792K, reserved 1048576K
}
Event: 119.516 GC heap before
{Heap before GC invocations=72 (full 0):
 garbage-first heap   total 437248K, used 405086K [0x0000000080000000, 0x0000000100000000)
  region size 1024K, 160 young (163840K), 8 survivors (8192K)
 Metaspace       used 193529K, committed 196288K, reserved 1245184K
  class space    used 24460K, committed 25792K, reserved 1048576K
}
Event: 119.523 GC heap after
{Heap after GC invocations=73 (full 0):
 garbage-first heap   total 437248K, used 249179K [0x0000000080000000, 0x0000000100000000)
  region size 1024K, 7 young (7168K), 7 survivors (7168K)
 Metaspace       used 193529K, committed 196288K, reserved 1245184K
  class space    used 24460K, committed 25792K, reserved 1048576K
}
Event: 148.675 GC heap before
{Heap before GC invocations=74 (full 0):
 garbage-first heap   total 437248K, used 398683K [0x0000000080000000, 0x0000000100000000)
  region size 1024K, 161 young (164864K), 7 survivors (7168K)
 Metaspace       used 193547K, committed 196352K, reserved 1245184K
  class space    used 24462K, committed 25856K, reserved 1048576K
}
Event: 148.692 GC heap after
{Heap after GC invocations=75 (full 0):
 garbage-first heap   total 437248K, used 247741K [0x0000000080000000, 0x0000000100000000)
  region size 1024K, 13 young (13312K), 13 survivors (13312K)
 Metaspace       used 193547K, committed 196352K, reserved 1245184K
  class space    used 24462K, committed 25856K, reserved 1048576K
}
Event: 153.925 GC heap before
{Heap before GC invocations=75 (full 0):
 garbage-first heap   total 437248K, used 400317K [0x0000000080000000, 0x0000000100000000)
  region size 1024K, 162 young (165888K), 13 survivors (13312K)
 Metaspace       used 193548K, committed 196352K, reserved 1245184K
  class space    used 24462K, committed 25856K, reserved 1048576K
}
Event: 153.939 GC heap after
{Heap after GC invocations=76 (full 0):
 garbage-first heap   total 437248K, used 243169K [0x0000000080000000, 0x0000000100000000)
  region size 1024K, 10 young (10240K), 10 survivors (10240K)
 Metaspace       used 193548K, committed 196352K, reserved 1245184K
  class space    used 24462K, committed 25856K, reserved 1048576K
}
Event: 156.892 GC heap before
{Heap before GC invocations=76 (full 0):
 garbage-first heap   total 437248K, used 338401K [0x0000000080000000, 0x0000000100000000)
  region size 1024K, 105 young (107520K), 10 survivors (10240K)
 Metaspace       used 194149K, committed 196864K, reserved 1245184K
  class space    used 24526K, committed 25856K, reserved 1048576K
}
Event: 156.908 GC heap after
{Heap after GC invocations=77 (full 0):
 garbage-first heap   total 437248K, used 251779K [0x0000000080000000, 0x0000000100000000)
  region size 1024K, 19 young (19456K), 19 survivors (19456K)
 Metaspace       used 194149K, committed 196864K, reserved 1245184K
  class space    used 24526K, committed 25856K, reserved 1048576K
}
Event: 160.255 GC heap before
{Heap before GC invocations=78 (full 0):
 garbage-first heap   total 437248K, used 395139K [0x0000000080000000, 0x0000000100000000)
  region size 1024K, 158 young (161792K), 19 survivors (19456K)
 Metaspace       used 207996K, committed 210752K, reserved 1245184K
  class space    used 26403K, committed 27776K, reserved 1048576K
}
Event: 160.274 GC heap after
{Heap after GC invocations=79 (full 0):
 garbage-first heap   total 437248K, used 255064K [0x0000000080000000, 0x0000000100000000)
  region size 1024K, 6 young (6144K), 6 survivors (6144K)
 Metaspace       used 207996K, committed 210752K, reserved 1245184K
  class space    used 26403K, committed 27776K, reserved 1048576K
}
Event: 161.080 GC heap before
{Heap before GC invocations=79 (full 0):
 garbage-first heap   total 437248K, used 409688K [0x0000000080000000, 0x0000000100000000)
  region size 1024K, 155 young (158720K), 6 survivors (6144K)
 Metaspace       used 208092K, committed 210816K, reserved 1245184K
  class space    used 26420K, committed 27776K, reserved 1048576K
}
Event: 161.092 GC heap after
{Heap after GC invocations=80 (full 0):
 garbage-first heap   total 437248K, used 255054K [0x0000000080000000, 0x0000000100000000)
  region size 1024K, 8 young (8192K), 8 survivors (8192K)
 Metaspace       used 208092K, committed 210816K, reserved 1245184K
  class space    used 26420K, committed 27776K, reserved 1048576K
}
Event: 161.307 GC heap before
{Heap before GC invocations=80 (full 0):
 garbage-first heap   total 437248K, used 259150K [0x0000000080000000, 0x0000000100000000)
  region size 1024K, 13 young (13312K), 8 survivors (8192K)
 Metaspace       used 208159K, committed 210944K, reserved 1245184K
  class space    used 26426K, committed 27776K, reserved 1048576K
}
Event: 161.313 GC heap after
{Heap after GC invocations=81 (full 0):
 garbage-first heap   total 437248K, used 250536K [0x0000000080000000, 0x0000000100000000)
  region size 1024K, 6 young (6144K), 6 survivors (6144K)
 Metaspace       used 208159K, committed 210944K, reserved 1245184K
  class space    used 26426K, committed 27776K, reserved 1048576K
}
Event: 162.718 GC heap before
{Heap before GC invocations=82 (full 0):
 garbage-first heap   total 437248K, used 409256K [0x0000000080000000, 0x0000000100000000)
  region size 1024K, 159 young (162816K), 6 survivors (6144K)
 Metaspace       used 208531K, committed 211328K, reserved 1245184K
  class space    used 26451K, committed 27840K, reserved 1048576K
}
Event: 162.727 GC heap after
{Heap after GC invocations=83 (full 0):
 garbage-first heap   total 437248K, used 256179K [0x0000000080000000, 0x0000000100000000)
  region size 1024K, 9 young (9216K), 9 survivors (9216K)
 Metaspace       used 208531K, committed 211328K, reserved 1245184K
  class space    used 26451K, committed 27840K, reserved 1048576K
}

